Arguments: 
  C:\Program Files\nodejs\node.exe C:\Program Files\nodejs\node_modules\yarn\bin\yarn.js build

PATH: 
  C:\Users\tider\AppData\Local\Programs\Python\Python39;C:\Users\tider\AppData\Local\Programs\Python\Python39\Scripts;C:\Windows\system32;C:\Windows;C:\Windows\System32\Wbem;C:\Windows\System32\WindowsPowerShell\v1.0\;C:\Windows\System32\OpenSSH\;C:\Program Files\Docker\Docker\resources\bin;C:\ProgramData\DockerDesktop\version-bin;C:\Program Files\Git\cmd;C:\Users\tider\AppData\Roaming\nvm;C:\Program Files\nodejs;D:\Programs\ngrok;C:\Users\tider\.cargo\bin;C:\Users\tider\AppData\Local\Yarn\bin;D:\Programs\微信web开发者工具\dll;D:\Programs\apache-maven-3.8.4\bin;D:\Programs\Bitvise SSH Client;C:\Users\tider\.cargo\bin;C:\Users\tider\AppData\Local\Microsoft\WindowsApps;D:\Programs\Microsoft VS Code\bin;C:\Users\tider\AppData\Roaming\nvm;C:\Program Files\nodejs

Yarn version: 
  1.22.15

Node version: 
  14.18.0

Platform: 
  win32 x64

Trace: 
  SyntaxError: D:\work\www\qscmf_test\packages\qs-cusform\js\packages\qsFormily\package.json: Unexpected token } in JSON at position 423
      at JSON.parse (<anonymous>)
      at C:\Users\tider\AppData\Roaming\nvm\v14.18.0\node_modules\yarn\lib\cli.js:1625:59
      at Generator.next (<anonymous>)
      at step (C:\Users\tider\AppData\Roaming\nvm\v14.18.0\node_modules\yarn\lib\cli.js:310:30)
      at C:\Users\tider\AppData\Roaming\nvm\v14.18.0\node_modules\yarn\lib\cli.js:321:13

npm manifest: 
  {
    "name": "@quansitech/qs-formily",
    "author": "tiderjian",
    "version": "v1.0.0-beta.1",
    "license": "MIT",
    "main": "lib",
    "module": "esm",
    "files": [
      "lib/*",
      "esm/*"
    ],
    "scripts": {
      "build": "rimraf -rf lib esm && npm run build:cjs && npm run build:esm",
      "build:cjs": "tsc --project tsconfig.build.json",
      "build:esm": "tsc --project tsconfig.build.json --module es2015 --outDir esm",
    },
    "peerDependencies": {
      "@formily/antd": "^2.0.2",
      "@formily/shared": "^2.0.2",
      "@formily/react": "^2.0.2",
      "@designable/shared": "1.0.0-beta.43",
      "antd": "^4.0.0"
    },
    "dependencies": {
      "@formily/antd": "^2.0.2",
      "@formily/shared": "^2.0.2",
      "@formily/react": "^2.0.2",
      "@designable/shared": "1.0.0-beta.43",
      "antd": "^4.0.0"
    }
  }

yarn manifest: 
  No manifest

Lockfile: 
  No lockfile
